2015-08-12 23:33:34,291 INFO  (MyAspects.java:39)     - Class: com.sapient.utils.SetupUtils, Method: saveState
2015-08-12 23:33:34,291 INFO  (MyAspects.java:39)     - Class: com.sapient.utils.ScenarioUtils, Method: setScenario
2015-08-12 23:33:34,291 INFO  (MyAspects.java:39)     - Class: com.sapient.utils.SetupUtils, Method: getState
2015-08-12 23:33:34,291 INFO  (MyAspects.java:39)     - Class: com.sapient.utils.ScenarioUtils, Method: getScenarioName
2015-08-12 23:33:34,291 INFO  (MyAspects.java:39)     - Class: com.sapient.utils.ScenarioUtils, Method: extractScenarioName
2015-08-12 23:33:34,291 INFO  (setupClass.java:38)     - starting testing scenario Subtract two numbers
2015-08-12 23:33:34,291 INFO  (MyAspects.java:39)     - Class: com.steps.CalculatorSteps, Method: i_have_a_calculator
2015-08-12 23:33:34,301 INFO  (MyAspects.java:39)     - Class: com.steps.CalculatorSteps, Method: i_subtract_and
2015-08-12 23:33:34,301 INFO  (MyAspects.java:39)     - Class: com.sapient.impl.Calculator, Method: subtract
2015-08-12 23:33:34,301 INFO  (MyAspects.java:39)     - Class: com.steps.CalculatorSteps, Method: the_result_should_be
2015-08-12 23:33:34,301 INFO  (MyAspects.java:39)     - Class: com.sapient.impl.Calculator, Method: getResult
2015-08-12 23:33:34,311 INFO  (MyAspects.java:39)     - Class: com.steps.CalculatorSteps, Method: setUp
2015-08-12 23:33:34,321 INFO  (MyAspects.java:39)     - Class: com.sapient.setup.setupClass, Method: initialSetupNoTag
2015-08-12 23:33:34,321 INFO  (MyAspects.java:39)     - Class: com.sapient.setup.setupClass, Method: setupLogger
2015-08-12 23:33:34,321 INFO  (MyAspects.java:39)     - Class: com.sapient.utils.SetupUtils, Method: saveState
2015-08-12 23:33:34,321 INFO  (MyAspects.java:39)     - Class: com.sapient.utils.ScenarioUtils, Method: setScenario
2015-08-12 23:33:34,321 INFO  (MyAspects.java:39)     - Class: com.sapient.utils.SetupUtils, Method: getState
2015-08-12 23:33:34,321 INFO  (MyAspects.java:39)     - Class: com.sapient.utils.ScenarioUtils, Method: getScenarioName
2015-08-12 23:33:34,321 INFO  (MyAspects.java:39)     - Class: com.sapient.utils.ScenarioUtils, Method: extractScenarioName
2015-08-12 23:33:34,321 INFO  (setupClass.java:38)     - starting testing scenario | selenium | Web Browser Automation |
2015-08-12 23:33:34,321 INFO  (MyAspects.java:39)     - Class: com.sapient.setup.setupClass, Method: setUp
2015-08-12 23:33:34,321 INFO  (MyAspects.java:39)     - Class: com.sapient.utils.ScenarioUtils, Method: setScenario
2015-08-12 23:33:34,321 INFO  (MyAspects.java:39)     - Class: com.sapient.utils.SetupUtils, Method: getState
2015-08-12 23:33:34,321 INFO  (MyAspects.java:39)     - Class: com.sapient.utils.ScenarioUtils, Method: getScenarioName
2015-08-12 23:33:34,321 INFO  (MyAspects.java:39)     - Class: com.sapient.utils.ScenarioUtils, Method: extractScenarioName
2015-08-12 23:33:34,331 INFO  (setupClass.java:73)     - starting browser testing scenario | selenium | Web Browser Automation |
2015-08-12 23:33:34,331 INFO  (MyAspects.java:39)     - Class: com.steps.SearchSteps, Method: I_am_on_the_google_search_page
2015-08-12 23:33:34,331 INFO  (MyAspects.java:39)     - Class: com.sapient.impl.SearchImpl, Method: navigateToSearchPage
2015-08-12 23:33:34,351 INFO  (MyAspects.java:39)     - Class: com.sapient.utils.WebDriverUtils, Method: getDriver
2015-08-12 23:33:34,351 INFO  (MyAspects.java:39)     - Class: com.sapient.utils.WebDriverUtils, Method: getNewDriver
2015-08-12 23:33:34,351 INFO  (MyAspects.java:39)     - Class: com.sapient.utils.ScenarioUtils, Method: getscenario
2015-08-12 23:33:58,159 INFO  (MyAspects.java:39)     - Class: com.steps.SearchSteps, Method: user_search_for
2015-08-12 23:33:58,164 INFO  (MyAspects.java:39)     - Class: com.steps.SearchSteps, Method: result_should_display_the_link
2015-08-12 23:33:58,169 INFO  (MyAspects.java:39)     - Class: com.sapient.setup.setupClass, Method: afterSetup
2015-08-12 23:33:58,169 INFO  (MyAspects.java:39)     - Class: com.sapient.utils.SetupUtils, Method: getState
2015-08-12 23:33:58,174 INFO  (MyAspects.java:39)     - Class: com.steps.CalculatorSteps, Method: setUp
2015-08-12 23:33:58,176 INFO  (MyAspects.java:39)     - Class: com.sapient.setup.setupClass, Method: initialSetupNoTag
2015-08-12 23:33:58,176 INFO  (MyAspects.java:39)     - Class: com.sapient.setup.setupClass, Method: setupLogger
